<?xml version="1.0" encoding="UTF-8"?>
<!-- Generated by org.testng.reporters.JUnitXMLReporter -->
<testsuite ignored="1" hostname="DESKTOP-4A1G1BH" failures="0" tests="1" name="Default test" time="19.653" errors="0" timestamp="2023-11-07T11:57:05 IST">
  <testcase classname="com.learning.testng.TestNGW3schools" name="test_case2" time="11.189"/>
  <testcase classname="com.learning.testng.TestNGW3schools" name="test_tase1" time="0.0">
    <ignored/>
  </testcase> <!-- test_tase1 -->
</testsuite> <!-- Default test -->
