<?xml version="1.0" encoding="UTF-8"?>
<!-- Generated by org.testng.reporters.JUnitXMLReporter -->
<testsuite ignored="0" hostname="DESKTOP-4A1G1BH" failures="0" tests="3" name="Default test" time="16.236" errors="0" timestamp="2023-11-02T10:39:19 IST">
  <testcase classname="com.learning.testng.TestNGInvocation" name="launchFacebook" time="5.339"/>
  <testcase classname="com.learning.testng.TestNGInvocation" name="launchFacebook" time="5.992"/>
  <testcase classname="com.learning.testng.TestNGInvocation" name="launchFacebook" time="6.545"/>
</testsuite> <!-- Default test -->
