<?xml version="1.0" encoding="UTF-8"?>
<!-- Generated by org.testng.reporters.JUnitXMLReporter -->
<testsuite ignored="2" hostname="DESKTOP-4A1G1BH" failures="0" tests="3" name="Test" time="0.127" errors="0" timestamp="2023-11-01T20:11:08 IST">
  <testcase classname="com.learning.testng.TestNGGroup1" name="testCase1" time="0.012"/>
  <testcase classname="com.learning.testng.TestNGGroup1" name="testCase3" time="0.003"/>
  <testcase classname="com.learning.testng.TestNGGroup2" name="testCase4" time="0.005"/>
  <testcase classname="com.learning.testng.TestNGGroup2" name="testCase5" time="0.0">
    <ignored/>
  </testcase> <!-- testCase5 -->
  <testcase classname="com.learning.testng.TestNGGroup1" name="testCase2" time="0.0">
    <ignored/>
  </testcase> <!-- testCase2 -->
</testsuite> <!-- Test -->
