<?xml version="1.0" encoding="UTF-8"?>
<testng-results ignored="0" total="3" passed="3" failed="0" skipped="0">
  <reporter-output>
  </reporter-output>
  <suite started-at="2023-11-02T10:39:03 IST" name="Default suite" finished-at="2023-11-02T10:39:19 IST" duration-ms="16236">
    <groups>
    </groups>
    <test started-at="2023-11-02T10:39:03 IST" name="Default test" finished-at="2023-11-02T10:39:19 IST" duration-ms="16236">
      <class name="com.learning.testng.TestNGInvocation">
        <test-method is-config="true" signature="launchBrowser()[pri:0, instance:null]" started-at="2023-11-02T10:39:03 IST" name="launchBrowser" finished-at="2023-11-02T10:39:12 IST" duration-ms="9564" status="PASS">
          <reporter-output>
          </reporter-output>
        </test-method> <!-- launchBrowser -->
        <test-method is-config="true" signature="launchBrowser()[pri:0, instance:null]" started-at="2023-11-02T10:39:03 IST" name="launchBrowser" finished-at="2023-11-02T10:39:12 IST" duration-ms="9567" status="PASS">
          <reporter-output>
          </reporter-output>
        </test-method> <!-- launchBrowser -->
        <test-method is-config="true" signature="launchBrowser()[pri:0, instance:null]" started-at="2023-11-02T10:39:03 IST" name="launchBrowser" finished-at="2023-11-02T10:39:12 IST" duration-ms="9563" status="PASS">
          <reporter-output>
          </reporter-output>
        </test-method> <!-- launchBrowser -->
        <test-method signature="launchFacebook()[pri:0, instance:com.learning.testng.TestNGInvocation@74f0ea28]" started-at="2023-11-02T10:39:12 IST" name="launchFacebook" finished-at="2023-11-02T10:39:18 IST" duration-ms="5339" status="PASS">
          <reporter-output>
          </reporter-output>
        </test-method> <!-- launchFacebook -->
        <test-method signature="launchFacebook()[pri:0, instance:com.learning.testng.TestNGInvocation@74f0ea28]" started-at="2023-11-02T10:39:12 IST" name="launchFacebook" finished-at="2023-11-02T10:39:19 IST" duration-ms="6545" status="PASS">
          <reporter-output>
          </reporter-output>
        </test-method> <!-- launchFacebook -->
        <test-method signature="launchFacebook()[pri:0, instance:com.learning.testng.TestNGInvocation@74f0ea28]" started-at="2023-11-02T10:39:12 IST" name="launchFacebook" finished-at="2023-11-02T10:39:18 IST" duration-ms="5992" status="PASS">
          <reporter-output>
          </reporter-output>
        </test-method> <!-- launchFacebook -->
      </class> <!-- com.learning.testng.TestNGInvocation -->
    </test> <!-- Default test -->
  </suite> <!-- Default suite -->
</testng-results>
